TN:
SF:src/calculator.ts
FN:11,calculateCompressionRatio
FN:22,calculateTokensSaved
FN:32,calculateSavings
FN:49,calculateAverageTime
FNF:4
FNH:4
FNDA:20,calculateCompressionRatio
FNDA:19,calculateTokensSaved
FNDA:23,calculateSavings
FNDA:19,calculateAverageTime
DA:1,1
DA:2,1
DA:3,1
DA:4,1
DA:5,1
DA:6,1
DA:7,1
DA:8,1
DA:9,1
DA:10,1
DA:11,1
DA:12,20
DA:13,20
DA:14,20
DA:15,20
DA:16,14
DA:17,14
DA:18,1
DA:19,1
DA:20,1
DA:21,1
DA:22,1
DA:23,19
DA:24,19
DA:25,19
DA:26,19
DA:27,19
DA:28,1
DA:29,1
DA:30,1
DA:31,1
DA:32,1
DA:33,23
DA:34,23
DA:35,23
DA:36,23
DA:37,23
DA:38,23
DA:39,23
DA:40,23
DA:41,23
DA:42,23
DA:43,23
DA:44,23
DA:45,1
DA:46,1
DA:47,1
DA:48,1
DA:49,1
DA:50,19
DA:51,19
DA:52,19
DA:53,5
DA:54,5
DA:55,5
LF:55
LH:55
BRDA:11,0,0,20
BRDA:15,1,0,6
BRDA:15,2,0,14
BRDA:22,3,0,19
BRDA:32,4,0,23
BRDA:49,5,0,19
BRDA:52,6,0,14
BRDA:52,7,0,5
BRDA:53,8,0,13
BRF:9
BRH:9
end_of_record
TN:
SF:src/index.ts
FN:60,createTracker
FNF:1
FNH:1
FNDA:2,createTracker
DA:1,1
DA:2,1
DA:3,1
DA:4,1
DA:5,1
DA:6,1
DA:7,1
DA:8,1
DA:9,1
DA:10,1
DA:11,1
DA:12,1
DA:13,1
DA:14,1
DA:15,1
DA:16,1
DA:17,1
DA:18,1
DA:19,1
DA:20,1
DA:21,1
DA:22,1
DA:23,1
DA:24,1
DA:25,1
DA:26,1
DA:27,1
DA:28,1
DA:29,1
DA:30,1
DA:31,1
DA:32,1
DA:33,1
DA:34,1
DA:35,1
DA:36,1
DA:37,1
DA:38,1
DA:39,1
DA:40,1
DA:41,1
DA:42,1
DA:43,1
DA:44,1
DA:45,1
DA:46,1
DA:47,1
DA:48,1
DA:49,1
DA:50,1
DA:51,1
DA:52,1
DA:53,1
DA:54,1
DA:55,1
DA:56,1
DA:57,1
DA:58,1
DA:59,1
DA:60,1
DA:61,2
DA:62,2
LF:62
LH:62
BRDA:60,0,0,2
BRF:1
BRH:1
end_of_record
TN:
SF:src/pricing.ts
FNF:0
FNH:0
DA:1,1
DA:2,1
DA:3,1
DA:4,1
DA:5,1
DA:6,1
DA:7,1
DA:8,1
DA:9,1
DA:10,1
DA:11,1
DA:12,1
DA:13,1
DA:14,1
DA:15,1
DA:16,1
DA:17,1
DA:18,1
DA:19,1
DA:20,1
DA:21,1
DA:22,1
DA:23,1
DA:24,1
DA:25,1
DA:26,1
DA:27,1
DA:28,1
DA:29,1
DA:30,1
DA:31,1
DA:32,1
DA:33,1
DA:34,1
DA:35,1
DA:36,1
LF:36
LH:36
BRF:0
BRH:0
end_of_record
TN:
SF:src/reporter.ts
FN:10,formatUSD
FN:18,formatRatio
FN:25,generateMarketingMessage
FN:60,generateShortMessage
FNF:4
FNH:4
FNDA:8,formatUSD
FNDA:8,formatRatio
FNDA:9,generateMarketingMessage
FNDA:2,generateShortMessage
DA:1,1
DA:2,1
DA:3,1
DA:4,1
DA:5,1
DA:6,1
DA:7,1
DA:8,1
DA:9,1
DA:10,8
DA:11,8
DA:12,8
DA:13,8
DA:14,1
DA:15,1
DA:16,1
DA:17,1
DA:18,8
DA:19,8
DA:20,8
DA:21,1
DA:22,1
DA:23,1
DA:24,1
DA:25,1
DA:26,9
DA:27,9
DA:28,9
DA:29,9
DA:30,9
DA:31,9
DA:32,9
DA:33,9
DA:34,9
DA:35,2
DA:36,2
DA:37,7
DA:38,9
DA:39,9
DA:40,9
DA:41,9
DA:42,9
DA:43,9
DA:44,3
DA:45,3
DA:46,3
DA:47,0
DA:48,0
DA:49,4
DA:50,7
DA:51,3
DA:52,3
DA:53,1
DA:54,1
DA:55,1
DA:56,1
DA:57,1
DA:58,1
DA:59,1
DA:60,1
DA:61,2
DA:62,1
DA:63,1
DA:64,1
DA:65,1
DA:66,1
DA:67,1
LF:67
LH:65
BRDA:10,0,0,8
BRDA:11,1,0,0
BRDA:18,2,0,8
BRDA:25,3,0,9
BRDA:34,4,0,2
BRDA:35,5,0,1
BRDA:35,6,0,1
BRDA:36,7,0,7
BRDA:38,8,0,3
BRDA:38,9,0,4
BRDA:43,10,0,8
BRDA:43,11,0,3
BRDA:46,12,0,0
BRDA:48,13,0,7
BRDA:48,14,0,4
BRDA:50,15,0,3
BRDA:52,16,0,1
BRDA:60,17,0,2
BRDA:61,18,0,1
BRF:19
BRH:17
end_of_record
TN:
SF:src/tracker.ts
FN:36,createInitialState
FN:49,createTrackerInstance
FN:54,record
FN:64,getReport
FN:90,getMarketingMessage
FN:95,reset
FNF:6
FNH:6
FNDA:18,createInitialState
FNDA:16,createTrackerInstance
FNDA:18,record
FNDA:16,getReport
FNDA:3,getMarketingMessage
FNDA:2,reset
DA:1,1
DA:2,1
DA:3,1
DA:4,1
DA:5,1
DA:6,1
DA:7,1
DA:8,1
DA:9,1
DA:10,1
DA:11,1
DA:12,1
DA:13,1
DA:14,1
DA:15,1
DA:16,1
DA:17,1
DA:18,1
DA:19,1
DA:20,1
DA:21,1
DA:22,1
DA:23,1
DA:24,1
DA:25,1
DA:26,1
DA:27,1
DA:28,1
DA:29,1
DA:30,1
DA:31,1
DA:32,1
DA:33,1
DA:34,1
DA:35,1
DA:36,18
DA:37,18
DA:38,18
DA:39,18
DA:40,18
DA:41,18
DA:42,18
DA:43,18
DA:44,18
DA:45,1
DA:46,1
DA:47,1
DA:48,1
DA:49,1
DA:50,16
DA:51,16
DA:52,16
DA:53,16
DA:54,16
DA:55,18
DA:56,18
DA:57,18
DA:58,18
DA:59,18
DA:60,5
DA:61,5
DA:62,18
DA:63,16
DA:64,16
DA:65,16
DA:66,16
DA:67,16
DA:68,16
DA:69,16
DA:70,16
DA:71,16
DA:72,16
DA:73,16
DA:74,16
DA:75,16
DA:76,16
DA:77,16
DA:78,16
DA:79,16
DA:80,16
DA:81,16
DA:82,16
DA:83,16
DA:84,16
DA:85,16
DA:86,16
DA:87,16
DA:88,16
DA:89,16
DA:90,16
DA:91,3
DA:92,3
DA:93,3
DA:94,16
DA:95,16
DA:96,2
DA:97,2
DA:98,16
DA:99,16
DA:100,16
DA:101,16
LF:101
LH:101
BRDA:36,0,0,18
BRDA:49,1,0,16
BRDA:50,2,0,12
BRDA:54,3,0,18
BRDA:59,4,0,5
BRDA:64,5,0,16
BRDA:90,6,0,3
BRDA:95,7,0,2
BRF:8
BRH:8
end_of_record
